20231223	14:11:46	fb498106-4fdd-4beb-9b27-d8be0398b250	POST	/auth/register	undefined
20231223	15:20:16	050ddb32-d531-4509-848a-d41b2834e1f0	POST	/auth/register	undefined
20231223	15:55:23	03278680-4484-4476-9ef8-81d09a3ff0e0	POST	/auth/register	undefined
20231223	15:55:42	ff1e9602-ba2b-43cc-9dad-a6993a08f4ef	POST	/auth/login	undefined
20231223	15:55:44	3508fe13-5cc5-460c-ae93-5e1b36489283	POST	/auth/login	undefined
20231223	15:57:10	4e5056d7-580c-4242-9d6c-5a0edfa0239b	POST	/auth/login	undefined
20231223	16:04:27	ef03f738-2f80-4af2-aa9f-dbde52f44e82	POST	/auth/login	undefined
20231223	16:06:50	67e079ac-c4a2-42eb-851b-15d4693cf3b6	POST	/auth/refresh	undefined
20231223	16:07:20	4d2edf0c-0659-4d53-816d-a57665e7a46d	POST	/auth/refresh	undefined
20231223	16:08:05	a3b48931-a310-4db8-959c-5dfed0ccfc19	POST	/auth/login	undefined
20231223	16:08:24	503b0bb7-7ace-4571-8186-d86e07e4aaa7	GET	/auth/refresh	undefined
20231223	16:08:55	2d1f7aab-8f3e-49dc-b2c3-2755038c378a	POST	/auth/refresh	undefined
20231223	16:09:00	06e3d0b0-ea68-41f3-93d9-27d28de5a241	POST	/auth/refresh	undefined
20231223	16:09:08	4ee76156-ad86-4f7c-867f-36e489f642b8	POST	/auth/logout	undefined
20231223	16:09:41	233c3ef9-a746-4fe2-aad4-7c5f59dcc664	POST	/auth/logout	undefined
20231223	16:09:46	8c8c3336-eead-4577-bb39-0b6a23da0232	POST	/auth/refresh	undefined
20231223	16:10:33	6b5ccb4c-f61b-4113-842b-2322334bb9b1	POST	/auth/forgot-password	undefined
20231223	16:10:53	2b20fd66-8a77-4d7b-a0b4-2099131a5807	PUT	/auth/forgot-password	undefined
20231223	16:11:10	0e4735e7-fa50-4b7d-9b75-2c48813f710a	PUT	/auth/login	undefined
20231223	16:11:12	69adff79-88d6-49e6-9635-efec384c70d0	PUT	/auth/login	undefined
20231223	16:11:18	351ccf0d-09e0-4071-a58b-c19931e45615	POST	/auth/login	undefined
20231223	16:11:25	0dd55ad5-4362-454d-a99d-1c2d3f30bb8a	POST	/auth/login	undefined
20231223	16:11:35	baa2f287-b49a-4a83-ac37-c6146a68c254	POST	/auth/login	undefined
20231223	16:11:43	0b031b3b-0f09-4a8f-9fc5-58f5d91d6128	POST	/auth/logout	undefined
20231223	16:12:46	13807e2e-798a-40d5-82f0-545f9602abe4	POST	/auth/logout	undefined
20231223	16:12:50	f02bd9b1-3e7a-4d74-9042-902c274c2994	POST	/auth/login	undefined
20231223	16:12:53	de4c3f19-44e0-4f63-a7f7-6978de29bd67	POST	/auth/login	undefined
20231223	16:12:57	71925f68-222d-4c36-94bb-a6b00de2da36	POST	/auth/login	undefined
20231223	16:13:04	06df6c63-71d2-4164-9b6e-f4d0ed7155d3	POST	/auth/logout	undefined
